<?xml version="1.0" encoding="UTF-8"?>
<!-- Generated by org.testng.reporters.JUnitXMLReporter -->
<testsuite ignored="0" hostname="DESKTOP-QLTG8HG" failures="0" tests="4" name="Regression Tests" time="52.001" errors="0" timestamp="2026-03-11T00:19:55 IST">
  <testcase classname="tests.HomePageTest" name="HomePageVerification" time="4.247"/>
  <testcase classname="tests.HomePageTest" name="TellUsAboutYouPage" time="7.92"/>
  <testcase classname="tests.HomePageTest" name="ABitOfYourLifePage" time="12.513"/>
  <testcase classname="tests.HomePageTest" name="checkBaseAndTotalPremiums" time="15.009"/>
</testsuite> <!-- Regression Tests -->
