<?xml version="1.0" encoding="UTF-8"?>
<!-- Generated by org.testng.reporters.JUnitXMLReporter -->
<testsuite ignored="0" hostname="DESKTOP-QLTG8HG" failures="1" tests="1" name="Regression Tests" time="3.096" errors="0" timestamp="2026-03-09T15:32:30 IST">
  <testcase classname="tests.HomePageTest" name="HomePageVerification" time="0.188">
    <failure type="java.lang.AssertionError" message="Visibility check failed">
      <![CDATA[java.lang.AssertionError: Visibility check failed
at utils.TestUtil.checkElementVisible(TestUtil.java:81)
at tests.HomePageTest.HomePageVerification(HomePageTest.java:29)
at java.base/java.util.ArrayList.forEach(ArrayList.java:1511)
... Removed 28 stack frames]]>
    </failure>
  </testcase> <!-- HomePageVerification -->
</testsuite> <!-- Regression Tests -->
