<?xml version="1.0" encoding="UTF-8"?>
<testsuite xmlns:xsi="http://www.w3.org/2001/XMLSchema-instance" xsi:noNamespaceSchemaLocation="https://maven.apache.org/surefire/maven-surefire-plugin/xsd/surefire-test-report-3.0.xsd" version="3.0" name="tests.HomePageTest" time="2.864" tests="1" errors="0" skipped="0" failures="0">
  <properties>
[...]
</properties>
  <testcase name="LoginWithVerifyTitle" classname="tests.HomePageTest" time="0.023">
    <system-out><![CDATA[11:37:07.880 [main] DEBUG io.github.bonigarcia.wdm.WebDriverManager -- Using WebDriverManager 5.7.0
11:37:08.179 [main] DEBUG io.github.bonigarcia.wdm.cache.ResolutionCache -- Resolution chrome=145 in cache (valid until 12:34:07 09/03/2026 IST)
11:37:08.180 [main] DEBUG io.github.bonigarcia.wdm.cache.ResolutionCache -- Resolution chrome145=145.0.7632.117 in cache (valid until 10:25:49 10/03/2026 IST)
11:37:08.181 [main] INFO io.github.bonigarcia.wdm.WebDriverManager -- Using chromedriver 145.0.7632.117 (resolved driver for Chrome 145)
11:37:08.206 [main] DEBUG io.github.bonigarcia.wdm.WebDriverManager -- Driver chromedriver 145.0.7632.117 found in cache
11:37:08.207 [main] INFO io.github.bonigarcia.wdm.WebDriverManager -- Exporting webdriver.chrome.driver as C:\Users\Prathviraj\.cache\selenium\chromedriver\win64\145.0.7632.117\chromedriver.exe
www.makemytrip.com
]]></system-out>
    <system-err><![CDATA[Mar 09, 2026 11:37:09 AM org.openqa.selenium.devtools.CdpVersionFinder findNearestMatch
WARNING: Unable to find CDP implementation matching 145
Mar 09, 2026 11:37:09 AM org.openqa.selenium.chromium.ChromiumDriver lambda$new$5
WARNING: Unable to find version of CDP to use for 145.0.7632.160. You may need to include a dependency on a specific version of the CDP using something similar to `org.seleniumhq.selenium:selenium-devtools-v86:4.17.0` where the version ("v86") matches the version of the chromium-based browser you're using and the version number of the artifact is the same as Selenium's.
]]></system-err>
  </testcase>
</testsuite>