<?xml version="1.0" encoding="UTF-8"?>
<testng-results retried="1" ignored="1" total="6" passed="4" failed="0" skipped="0">
  <reporter-output>
  </reporter-output>
  <suite started-at="2026-03-10T13:26:59 IST" name="Automation Suite" finished-at="2026-03-10T13:28:32 IST" duration-ms="93196">
    <groups>
    </groups>
    <test started-at="2026-03-10T13:26:59 IST" name="Regression Tests" finished-at="2026-03-10T13:28:32 IST" duration-ms="93196">
      <class name="tests.HomePageTest">
        <test-method is-config="true" signature="setup()[pri:0, instance:tests.HomePageTest@5884a914]" started-at="2026-03-10T13:26:59 IST" name="setup" finished-at="2026-03-10T13:27:05 IST" duration-ms="6284" status="PASS">
          <reporter-output>
          </reporter-output>
        </test-method> <!-- setup -->
        <test-method is-config="true" signature="init()[pri:0, instance:tests.HomePageTest@5884a914]" started-at="2026-03-10T13:27:05 IST" name="init" finished-at="2026-03-10T13:27:05 IST" duration-ms="97" status="PASS">
          <reporter-output>
          </reporter-output>
        </test-method> <!-- init -->
        <test-method signature="HomePageVerification()[pri:0, instance:tests.HomePageTest@5884a914]" started-at="2026-03-10T13:27:05 IST" name="HomePageVerification" description="Veriy the HomePage components" finished-at="2026-03-10T13:27:11 IST" duration-ms="5837" status="PASS">
          <reporter-output>
          </reporter-output>
        </test-method> <!-- HomePageVerification -->
        <test-method is-config="true" signature="tearDown()[pri:0, instance:tests.HomePageTest@5884a914]" started-at="2026-03-10T13:27:11 IST" name="tearDown" finished-at="2026-03-10T13:27:12 IST" duration-ms="516" status="PASS">
          <reporter-output>
          </reporter-output>
        </test-method> <!-- tearDown -->
        <test-method is-config="true" signature="setup()[pri:0, instance:tests.HomePageTest@5884a914]" started-at="2026-03-10T13:27:12 IST" name="setup" finished-at="2026-03-10T13:27:15 IST" duration-ms="3150" status="PASS">
          <reporter-output>
          </reporter-output>
        </test-method> <!-- setup -->
        <test-method is-config="true" signature="init()[pri:0, instance:tests.HomePageTest@5884a914]" started-at="2026-03-10T13:27:15 IST" name="init" finished-at="2026-03-10T13:27:15 IST" duration-ms="7" status="PASS">
          <reporter-output>
          </reporter-output>
        </test-method> <!-- init -->
        <test-method signature="TellUsAboutYouPage()[pri:0, instance:tests.HomePageTest@5884a914]" started-at="2026-03-10T13:27:15 IST" name="TellUsAboutYouPage" description="Verify  Tell Us About You page" finished-at="2026-03-10T13:27:25 IST" depends-on-methods="tests.HomePageTest.HomePageVerification" duration-ms="9850" status="PASS">
          <reporter-output>
          </reporter-output>
        </test-method> <!-- TellUsAboutYouPage -->
        <test-method is-config="true" signature="tearDown()[pri:0, instance:tests.HomePageTest@5884a914]" started-at="2026-03-10T13:27:25 IST" name="tearDown" finished-at="2026-03-10T13:27:27 IST" duration-ms="1452" status="PASS">
          <reporter-output>
          </reporter-output>
        </test-method> <!-- tearDown -->
        <test-method is-config="true" signature="setup()[pri:0, instance:tests.HomePageTest@5884a914]" started-at="2026-03-10T13:27:27 IST" name="setup" finished-at="2026-03-10T13:27:29 IST" duration-ms="2769" status="PASS">
          <reporter-output>
          </reporter-output>
        </test-method> <!-- setup -->
        <test-method is-config="true" signature="init()[pri:0, instance:tests.HomePageTest@5884a914]" started-at="2026-03-10T13:27:29 IST" name="init" finished-at="2026-03-10T13:27:29 IST" duration-ms="5" status="PASS">
          <reporter-output>
          </reporter-output>
        </test-method> <!-- init -->
        <test-method signature="ABitOfYourLifePage()[pri:0, instance:tests.HomePageTest@5884a914]" started-at="2026-03-10T13:27:29 IST" name="ABitOfYourLifePage" description="Verify  A Bit Of Your Life Page" finished-at="2026-03-10T13:27:44 IST" depends-on-methods="tests.HomePageTest.TellUsAboutYouPage" duration-ms="14561" status="PASS">
          <reporter-output>
          </reporter-output>
        </test-method> <!-- ABitOfYourLifePage -->
        <test-method is-config="true" signature="tearDown()[pri:0, instance:tests.HomePageTest@5884a914]" started-at="2026-03-10T13:27:44 IST" name="tearDown" finished-at="2026-03-10T13:27:45 IST" duration-ms="1271" status="PASS">
          <reporter-output>
          </reporter-output>
        </test-method> <!-- tearDown -->
        <test-method is-config="true" signature="setup()[pri:0, instance:tests.HomePageTest@5884a914]" started-at="2026-03-10T13:27:45 IST" name="setup" finished-at="2026-03-10T13:27:48 IST" duration-ms="2928" status="PASS">
          <reporter-output>
          </reporter-output>
        </test-method> <!-- setup -->
        <test-method is-config="true" signature="init()[pri:0, instance:tests.HomePageTest@5884a914]" started-at="2026-03-10T13:27:48 IST" name="init" finished-at="2026-03-10T13:27:48 IST" duration-ms="3" status="PASS">
          <reporter-output>
          </reporter-output>
        </test-method> <!-- init -->
        <test-method retried="true" signature="checkBaseAndTotalPremiums()[pri:0, instance:tests.HomePageTest@5884a914]" started-at="2026-03-10T13:27:48 IST" name="checkBaseAndTotalPremiums" description="Verify  check Base And Total Premiums" finished-at="2026-03-10T13:28:08 IST" depends-on-methods="tests.HomePageTest.TellUsAboutYouPage" duration-ms="19581" status="SKIP">
          <exception class="java.lang.AssertionError">
            <message>
              <![CDATA[expected [₹9,240.00] but found [Total per year]]]>
            </message>
            <full-stacktrace>
              <![CDATA[java.lang.AssertionError: expected [₹9,240.00] but found [Total per year]
at org.testng.Assert.fail(Assert.java:111)
at org.testng.Assert.failNotEquals(Assert.java:1578)
at org.testng.Assert.assertEqualsImpl(Assert.java:150)
at org.testng.Assert.assertEquals(Assert.java:132)
at org.testng.Assert.assertEquals(Assert.java:656)
at org.testng.Assert.assertEquals(Assert.java:666)
at utils.TestUtil.verifyText(TestUtil.java:114)
at tests.HomePageTest.checkBaseAndTotalPremiums(HomePageTest.java:119)
at java.base/jdk.internal.reflect.NativeMethodAccessorImpl.invoke0(Native Method)
at java.base/jdk.internal.reflect.NativeMethodAccessorImpl.invoke(NativeMethodAccessorImpl.java:77)
at java.base/jdk.internal.reflect.DelegatingMethodAccessorImpl.invoke(DelegatingMethodAccessorImpl.java:43)
at java.base/java.lang.reflect.Method.invoke(Method.java:568)
at org.testng.internal.invokers.MethodInvocationHelper.invokeMethod(MethodInvocationHelper.java:139)
at org.testng.internal.invokers.TestInvoker.invokeMethod(TestInvoker.java:664)
at org.testng.internal.invokers.TestInvoker.invokeTestMethod(TestInvoker.java:228)
at org.testng.internal.invokers.MethodRunner.runInSequence(MethodRunner.java:63)
at org.testng.internal.invokers.TestInvoker$MethodInvocationAgent.invoke(TestInvoker.java:961)
at org.testng.internal.invokers.TestInvoker.invokeTestMethods(TestInvoker.java:201)
at org.testng.internal.invokers.TestMethodWorker.invokeTestMethods(TestMethodWorker.java:148)
at org.testng.internal.invokers.TestMethodWorker.run(TestMethodWorker.java:128)
at java.base/java.util.ArrayList.forEach(ArrayList.java:1511)
at org.testng.TestRunner.privateRun(TestRunner.java:819)
at org.testng.TestRunner.run(TestRunner.java:619)
at org.testng.SuiteRunner.runTest(SuiteRunner.java:443)
at org.testng.SuiteRunner.runSequentially(SuiteRunner.java:437)
at org.testng.SuiteRunner.privateRun(SuiteRunner.java:397)
at org.testng.SuiteRunner.run(SuiteRunner.java:336)
at org.testng.SuiteRunnerWorker.runSuite(SuiteRunnerWorker.java:52)
at org.testng.SuiteRunnerWorker.run(SuiteRunnerWorker.java:95)
at org.testng.TestNG.runSuitesSequentially(TestNG.java:1301)
at org.testng.TestNG.runSuitesLocally(TestNG.java:1228)
at org.testng.TestNG.runSuites(TestNG.java:1134)
at org.testng.TestNG.run(TestNG.java:1101)
at org.apache.maven.surefire.testng.TestNGExecutor.run(TestNGExecutor.java:308)
at org.apache.maven.surefire.testng.TestNGXmlTestSuite.execute(TestNGXmlTestSuite.java:71)
at org.apache.maven.surefire.testng.TestNGProvider.invoke(TestNGProvider.java:113)
at org.apache.maven.surefire.booter.ForkedBooter.runSuitesInProcess(ForkedBooter.java:385)
at org.apache.maven.surefire.booter.ForkedBooter.execute(ForkedBooter.java:162)
at org.apache.maven.surefire.booter.ForkedBooter.run(ForkedBooter.java:507)
at org.apache.maven.surefire.booter.ForkedBooter.main(ForkedBooter.java:495)
]]>
            </full-stacktrace>
          </exception> <!-- java.lang.AssertionError -->
          <reporter-output>
          </reporter-output>
        </test-method> <!-- checkBaseAndTotalPremiums -->
        <test-method is-config="true" signature="tearDown()[pri:0, instance:tests.HomePageTest@5884a914]" started-at="2026-03-10T13:28:08 IST" name="tearDown" finished-at="2026-03-10T13:28:09 IST" duration-ms="621" status="PASS">
          <reporter-output>
          </reporter-output>
        </test-method> <!-- tearDown -->
        <test-method is-config="true" signature="setup()[pri:0, instance:tests.HomePageTest@5884a914]" started-at="2026-03-10T13:28:09 IST" name="setup" finished-at="2026-03-10T13:28:12 IST" duration-ms="3160" status="PASS">
          <reporter-output>
          </reporter-output>
        </test-method> <!-- setup -->
        <test-method is-config="true" signature="init()[pri:0, instance:tests.HomePageTest@5884a914]" started-at="2026-03-10T13:28:12 IST" name="init" finished-at="2026-03-10T13:28:12 IST" duration-ms="5" status="PASS">
          <reporter-output>
          </reporter-output>
        </test-method> <!-- init -->
        <test-method signature="checkBaseAndTotalPremiums()[pri:0, instance:tests.HomePageTest@5884a914]" started-at="2026-03-10T13:28:12 IST" name="checkBaseAndTotalPremiums" description="Verify  check Base And Total Premiums" finished-at="2026-03-10T13:28:31 IST" depends-on-methods="tests.HomePageTest.TellUsAboutYouPage" duration-ms="19346" status="PASS">
          <reporter-output>
          </reporter-output>
        </test-method> <!-- checkBaseAndTotalPremiums -->
        <test-method is-config="true" signature="tearDown()[pri:0, instance:tests.HomePageTest@5884a914]" started-at="2026-03-10T13:28:31 IST" name="tearDown" finished-at="2026-03-10T13:28:32 IST" duration-ms="527" status="PASS">
          <reporter-output>
          </reporter-output>
        </test-method> <!-- tearDown -->
      </class> <!-- tests.HomePageTest -->
    </test> <!-- Regression Tests -->
  </suite> <!-- Automation Suite -->
</testng-results>
