<?xml version="1.0" encoding="UTF-8"?>
<testng-results ignored="0" total="4" passed="4" failed="0" skipped="0">
  <reporter-output>
  </reporter-output>
  <suite started-at="2026-03-11T00:19:03 IST" name="Suite" finished-at="2026-03-11T00:19:55 IST" duration-ms="52001">
    <groups>
    </groups>
    <test started-at="2026-03-11T00:19:03 IST" name="Regression Tests" finished-at="2026-03-11T00:19:55 IST" duration-ms="52001">
      <class name="tests.HomePageTest">
        <test-method is-config="true" signature="setup()[pri:0, instance:tests.HomePageTest@5884a914]" started-at="2026-03-11T00:19:03 IST" name="setup" finished-at="2026-03-11T00:19:07 IST" duration-ms="3675" status="PASS">
          <reporter-output>
          </reporter-output>
        </test-method> <!-- setup -->
        <test-method is-config="true" signature="init()[pri:0, instance:tests.HomePageTest@5884a914]" started-at="2026-03-11T00:19:07 IST" name="init" finished-at="2026-03-11T00:19:07 IST" duration-ms="109" status="PASS">
          <reporter-output>
          </reporter-output>
        </test-method> <!-- init -->
        <test-method signature="HomePageVerification()[pri:0, instance:tests.HomePageTest@5884a914]" started-at="2026-03-11T00:19:07 IST" name="HomePageVerification" description="Veriy the HomePage components" finished-at="2026-03-11T00:19:11 IST" duration-ms="4247" status="PASS">
          <reporter-output>
          </reporter-output>
        </test-method> <!-- HomePageVerification -->
        <test-method is-config="true" signature="tearDown()[pri:0, instance:tests.HomePageTest@5884a914]" started-at="2026-03-11T00:19:11 IST" name="tearDown" finished-at="2026-03-11T00:19:12 IST" duration-ms="371" status="PASS">
          <reporter-output>
          </reporter-output>
        </test-method> <!-- tearDown -->
        <test-method is-config="true" signature="setup()[pri:0, instance:tests.HomePageTest@5884a914]" started-at="2026-03-11T00:19:12 IST" name="setup" finished-at="2026-03-11T00:19:14 IST" duration-ms="2207" status="PASS">
          <reporter-output>
          </reporter-output>
        </test-method> <!-- setup -->
        <test-method is-config="true" signature="init()[pri:0, instance:tests.HomePageTest@5884a914]" started-at="2026-03-11T00:19:14 IST" name="init" finished-at="2026-03-11T00:19:14 IST" duration-ms="2" status="PASS">
          <reporter-output>
          </reporter-output>
        </test-method> <!-- init -->
        <test-method signature="TellUsAboutYouPage()[pri:0, instance:tests.HomePageTest@5884a914]" started-at="2026-03-11T00:19:14 IST" name="TellUsAboutYouPage" description="Verify  Tell Us About You page" finished-at="2026-03-11T00:19:22 IST" depends-on-methods="tests.HomePageTest.HomePageVerification" duration-ms="7920" status="PASS">
          <reporter-output>
          </reporter-output>
        </test-method> <!-- TellUsAboutYouPage -->
        <test-method is-config="true" signature="tearDown()[pri:0, instance:tests.HomePageTest@5884a914]" started-at="2026-03-11T00:19:22 IST" name="tearDown" finished-at="2026-03-11T00:19:22 IST" duration-ms="348" status="PASS">
          <reporter-output>
          </reporter-output>
        </test-method> <!-- tearDown -->
        <test-method is-config="true" signature="setup()[pri:0, instance:tests.HomePageTest@5884a914]" started-at="2026-03-11T00:19:22 IST" name="setup" finished-at="2026-03-11T00:19:24 IST" duration-ms="1961" status="PASS">
          <reporter-output>
          </reporter-output>
        </test-method> <!-- setup -->
        <test-method is-config="true" signature="init()[pri:0, instance:tests.HomePageTest@5884a914]" started-at="2026-03-11T00:19:24 IST" name="init" finished-at="2026-03-11T00:19:24 IST" duration-ms="4" status="PASS">
          <reporter-output>
          </reporter-output>
        </test-method> <!-- init -->
        <test-method signature="ABitOfYourLifePage()[pri:0, instance:tests.HomePageTest@5884a914]" started-at="2026-03-11T00:19:24 IST" name="ABitOfYourLifePage" description="Verify  A Bit Of Your Life Page" finished-at="2026-03-11T00:19:37 IST" depends-on-methods="tests.HomePageTest.TellUsAboutYouPage" duration-ms="12513" status="PASS">
          <reporter-output>
          </reporter-output>
        </test-method> <!-- ABitOfYourLifePage -->
        <test-method is-config="true" signature="tearDown()[pri:0, instance:tests.HomePageTest@5884a914]" started-at="2026-03-11T00:19:37 IST" name="tearDown" finished-at="2026-03-11T00:19:37 IST" duration-ms="359" status="PASS">
          <reporter-output>
          </reporter-output>
        </test-method> <!-- tearDown -->
        <test-method is-config="true" signature="setup()[pri:0, instance:tests.HomePageTest@5884a914]" started-at="2026-03-11T00:19:37 IST" name="setup" finished-at="2026-03-11T00:19:40 IST" duration-ms="2166" status="PASS">
          <reporter-output>
          </reporter-output>
        </test-method> <!-- setup -->
        <test-method is-config="true" signature="init()[pri:0, instance:tests.HomePageTest@5884a914]" started-at="2026-03-11T00:19:40 IST" name="init" finished-at="2026-03-11T00:19:40 IST" duration-ms="10" status="PASS">
          <reporter-output>
          </reporter-output>
        </test-method> <!-- init -->
        <test-method signature="checkBaseAndTotalPremiums()[pri:0, instance:tests.HomePageTest@5884a914]" started-at="2026-03-11T00:19:40 IST" name="checkBaseAndTotalPremiums" description="Verify  check Base And Total Premiums" finished-at="2026-03-11T00:19:55 IST" depends-on-methods="tests.HomePageTest.TellUsAboutYouPage" duration-ms="15009" status="PASS">
          <reporter-output>
          </reporter-output>
        </test-method> <!-- checkBaseAndTotalPremiums -->
        <test-method is-config="true" signature="tearDown()[pri:0, instance:tests.HomePageTest@5884a914]" started-at="2026-03-11T00:19:55 IST" name="tearDown" finished-at="2026-03-11T00:19:55 IST" duration-ms="367" status="PASS">
          <reporter-output>
          </reporter-output>
        </test-method> <!-- tearDown -->
      </class> <!-- tests.HomePageTest -->
    </test> <!-- Regression Tests -->
  </suite> <!-- Suite -->
</testng-results>
