<?xml version="1.0" encoding="UTF-8"?>
<testsuite xmlns:xsi="http://www.w3.org/2001/XMLSchema-instance" xsi:noNamespaceSchemaLocation="https://maven.apache.org/surefire/maven-surefire-plugin/xsd/surefire-test-report-3.0.xsd" version="3.0" name="TestSuite" time="95.536" tests="5" errors="0" skipped="1" failures="0">
  <properties>
[...]
</properties>
  <testcase name="HomePageVerification" classname="tests.HomePageTest" time="5.828">
    <system-out><![CDATA[13:26:58.099 [main] DEBUG org.testng.TestNG -- suiteXmlPath: "D:\GitRepo\TestMavenProject\MakeMyTrip\testng.xml"
13:26:59.518 [main] DEBUG io.github.bonigarcia.wdm.WebDriverManager -- Using WebDriverManager 6.3.3
13:27:00.466 [main] DEBUG io.github.bonigarcia.wdm.cache.ResolutionCache -- Resolution chrome=145 in cache (valid until 13:36:02 10/03/2026 IST)
13:27:00.467 [main] DEBUG io.github.bonigarcia.wdm.cache.ResolutionCache -- Resolution chrome145=145.0.7632.117 in cache (valid until 10:30:28 11/03/2026 IST)
13:27:00.469 [main] INFO io.github.bonigarcia.wdm.WebDriverManager -- Using chromedriver 145.0.7632.117 (resolved driver for Chrome 145)
13:27:00.571 [main] DEBUG io.github.bonigarcia.wdm.WebDriverManager -- Driver chromedriver 145.0.7632.117 found in cache
13:27:00.573 [main] INFO io.github.bonigarcia.wdm.WebDriverManager -- Exporting webdriver.chrome.driver as C:\Users\Prathviraj\.cache\selenium\chromedriver\win64\145.0.7632.117\chromedriver.exe
Ditto | Insurance made simple
]]></system-out>
    <system-err><![CDATA[Mar 10, 2026 1:27:03 PM org.openqa.selenium.devtools.CdpVersionFinder findNearestMatch
WARNING: Unable to find CDP implementation matching 145
Mar 10, 2026 1:27:03 PM org.openqa.selenium.chromium.ChromiumDriver lambda$new$5
WARNING: Unable to find version of CDP to use for 145.0.7632.160. You may need to include a dependency on a specific version of the CDP using something similar to `org.seleniumhq.selenium:selenium-devtools-v86:4.17.0` where the version ("v86") matches the version of the chromium-based browser you're using and the version number of the artifact is the same as Selenium's.
]]></system-err>
  </testcase>
  <testcase name="TellUsAboutYouPage" classname="tests.HomePageTest" time="9.851">
    <system-out><![CDATA[13:27:12.372 [main] DEBUG io.github.bonigarcia.wdm.WebDriverManager -- Using WebDriverManager 6.3.3
13:27:12.408 [main] DEBUG io.github.bonigarcia.wdm.cache.ResolutionCache -- Resolution chrome=145 in cache (valid until 13:36:02 10/03/2026 IST)
13:27:12.410 [main] DEBUG io.github.bonigarcia.wdm.cache.ResolutionCache -- Resolution chrome145=145.0.7632.117 in cache (valid until 10:30:28 11/03/2026 IST)
13:27:12.410 [main] INFO io.github.bonigarcia.wdm.WebDriverManager -- Using chromedriver 145.0.7632.117 (resolved driver for Chrome 145)
13:27:12.434 [main] DEBUG io.github.bonigarcia.wdm.WebDriverManager -- Driver chromedriver 145.0.7632.117 found in cache
13:27:12.436 [main] INFO io.github.bonigarcia.wdm.WebDriverManager -- Exporting webdriver.chrome.driver as C:\Users\Prathviraj\.cache\selenium\chromedriver\win64\145.0.7632.117\chromedriver.exe
Ditto | Insurance made simple
]]></system-out>
    <system-err><![CDATA[Mar 10, 2026 1:27:13 PM org.openqa.selenium.devtools.CdpVersionFinder findNearestMatch
WARNING: Unable to find CDP implementation matching 145
Mar 10, 2026 1:27:13 PM org.openqa.selenium.chromium.ChromiumDriver lambda$new$5
WARNING: Unable to find version of CDP to use for 145.0.7632.160. You may need to include a dependency on a specific version of the CDP using something similar to `org.seleniumhq.selenium:selenium-devtools-v86:4.17.0` where the version ("v86") matches the version of the chromium-based browser you're using and the version number of the artifact is the same as Selenium's.
]]></system-err>
  </testcase>
  <testcase name="ABitOfYourLifePage" classname="tests.HomePageTest" time="14.561">
    <system-out><![CDATA[13:27:27.196 [main] DEBUG io.github.bonigarcia.wdm.WebDriverManager -- Using WebDriverManager 6.3.3
13:27:27.208 [main] DEBUG io.github.bonigarcia.wdm.cache.ResolutionCache -- Resolution chrome=145 in cache (valid until 13:36:02 10/03/2026 IST)
13:27:27.208 [main] DEBUG io.github.bonigarcia.wdm.cache.ResolutionCache -- Resolution chrome145=145.0.7632.117 in cache (valid until 10:30:28 11/03/2026 IST)
13:27:27.208 [main] INFO io.github.bonigarcia.wdm.WebDriverManager -- Using chromedriver 145.0.7632.117 (resolved driver for Chrome 145)
13:27:27.214 [main] DEBUG io.github.bonigarcia.wdm.WebDriverManager -- Driver chromedriver 145.0.7632.117 found in cache
13:27:27.214 [main] INFO io.github.bonigarcia.wdm.WebDriverManager -- Exporting webdriver.chrome.driver as C:\Users\Prathviraj\.cache\selenium\chromedriver\win64\145.0.7632.117\chromedriver.exe
Ditto | Insurance made simple
PASS: Selected value -> Post Graduate
]]></system-out>
    <system-err><![CDATA[Mar 10, 2026 1:27:28 PM org.openqa.selenium.devtools.CdpVersionFinder findNearestMatch
WARNING: Unable to find CDP implementation matching 145
Mar 10, 2026 1:27:28 PM org.openqa.selenium.chromium.ChromiumDriver lambda$new$5
WARNING: Unable to find version of CDP to use for 145.0.7632.160. You may need to include a dependency on a specific version of the CDP using something similar to `org.seleniumhq.selenium:selenium-devtools-v86:4.17.0` where the version ("v86") matches the version of the chromium-based browser you're using and the version number of the artifact is the same as Selenium's.
]]></system-err>
  </testcase>
  <testcase name="checkBaseAndTotalPremiums" classname="tests.HomePageTest" time="0.0">
    <skipped message="expected [₹9,240.00] but found [Total per year]"/>
    <system-out><![CDATA[13:27:45.970 [main] DEBUG io.github.bonigarcia.wdm.WebDriverManager -- Using WebDriverManager 6.3.3
13:27:45.979 [main] DEBUG io.github.bonigarcia.wdm.cache.ResolutionCache -- Resolution chrome=145 in cache (valid until 13:36:02 10/03/2026 IST)
13:27:45.979 [main] DEBUG io.github.bonigarcia.wdm.cache.ResolutionCache -- Resolution chrome145=145.0.7632.117 in cache (valid until 10:30:28 11/03/2026 IST)
13:27:45.980 [main] INFO io.github.bonigarcia.wdm.WebDriverManager -- Using chromedriver 145.0.7632.117 (resolved driver for Chrome 145)
13:27:45.985 [main] DEBUG io.github.bonigarcia.wdm.WebDriverManager -- Driver chromedriver 145.0.7632.117 found in cache
13:27:45.986 [main] INFO io.github.bonigarcia.wdm.WebDriverManager -- Exporting webdriver.chrome.driver as C:\Users\Prathviraj\.cache\selenium\chromedriver\win64\145.0.7632.117\chromedriver.exe
Ditto | Insurance made simple
PASS: Selected value -> Post Graduate
actual Text :₹50 L
Expected text: ₹50 L
actual Text :Total per year
Expected text: ₹9,240.00
Retrying test checkBaseAndTotalPremiums again. Count = 1
]]></system-out>
    <system-err><![CDATA[Mar 10, 2026 1:27:47 PM org.openqa.selenium.devtools.CdpVersionFinder findNearestMatch
WARNING: Unable to find CDP implementation matching 145
Mar 10, 2026 1:27:47 PM org.openqa.selenium.chromium.ChromiumDriver lambda$new$5
WARNING: Unable to find version of CDP to use for 145.0.7632.160. You may need to include a dependency on a specific version of the CDP using something similar to `org.seleniumhq.selenium:selenium-devtools-v86:4.17.0` where the version ("v86") matches the version of the chromium-based browser you're using and the version number of the artifact is the same as Selenium's.
]]></system-err>
  </testcase>
  <testcase name="checkBaseAndTotalPremiums" classname="tests.HomePageTest" time="19.345">
    <system-out><![CDATA[Test Skipped: Verify  check Base And Total Premiums
Test Skipped: checkBaseAndTotalPremiums
13:28:09.326 [main] DEBUG io.github.bonigarcia.wdm.WebDriverManager -- Using WebDriverManager 6.3.3
13:28:09.343 [main] DEBUG io.github.bonigarcia.wdm.cache.ResolutionCache -- Resolution chrome=145 in cache (valid until 13:36:02 10/03/2026 IST)
13:28:09.344 [main] DEBUG io.github.bonigarcia.wdm.cache.ResolutionCache -- Resolution chrome145=145.0.7632.117 in cache (valid until 10:30:28 11/03/2026 IST)
13:28:09.344 [main] INFO io.github.bonigarcia.wdm.WebDriverManager -- Using chromedriver 145.0.7632.117 (resolved driver for Chrome 145)
13:28:09.356 [main] DEBUG io.github.bonigarcia.wdm.WebDriverManager -- Driver chromedriver 145.0.7632.117 found in cache
13:28:09.357 [main] INFO io.github.bonigarcia.wdm.WebDriverManager -- Exporting webdriver.chrome.driver as C:\Users\Prathviraj\.cache\selenium\chromedriver\win64\145.0.7632.117\chromedriver.exe
Ditto | Insurance made simple
PASS: Selected value -> Post Graduate
actual Text :₹50 L
Expected text: ₹50 L
actual Text :₹9,240.00
Expected text: ₹9,240.00
actual Text :₹9,240.00
Expected text: ₹9,240.00
]]></system-out>
    <system-err><![CDATA[Mar 10, 2026 1:28:10 PM org.openqa.selenium.devtools.CdpVersionFinder findNearestMatch
WARNING: Unable to find CDP implementation matching 145
Mar 10, 2026 1:28:10 PM org.openqa.selenium.chromium.ChromiumDriver lambda$new$5
WARNING: Unable to find version of CDP to use for 145.0.7632.160. You may need to include a dependency on a specific version of the CDP using something similar to `org.seleniumhq.selenium:selenium-devtools-v86:4.17.0` where the version ("v86") matches the version of the chromium-based browser you're using and the version number of the artifact is the same as Selenium's.
]]></system-err>
  </testcase>
</testsuite>