<?xml version="1.0" encoding="UTF-8"?>
<!-- Generated by org.testng.reporters.JUnitXMLReporter -->
<testsuite ignored="0" hostname="DESKTOP-QLTG8HG" failures="0" tests="5" name="Regression Tests" time="93.196" errors="0" timestamp="2026-03-10T13:28:32 IST">
  <testcase classname="tests.HomePageTest" name="HomePageVerification" time="5.837"/>
  <testcase classname="tests.HomePageTest" name="TellUsAboutYouPage" time="9.85"/>
  <testcase classname="tests.HomePageTest" name="ABitOfYourLifePage" time="14.561"/>
  <testcase classname="tests.HomePageTest" name="checkBaseAndTotalPremiums" time="19.581">
    <skipped/>
  </testcase> <!-- checkBaseAndTotalPremiums -->
  <testcase classname="tests.HomePageTest" name="checkBaseAndTotalPremiums" time="19.346"/>
</testsuite> <!-- Regression Tests -->
