<?xml version="1.0" encoding="UTF-8"?>
<!-- Generated by org.testng.reporters.JUnitReportReporter -->
<testsuite hostname="DESKTOP-QLTG8HG" failures="0" tests="4" name="tests.HomePageTest" time="51.268" errors="0" timestamp="2026-03-11T00:19:56 IST" skipped="0">
  <testcase classname="tests.HomePageTest" name="HomePageVerification" time="6.823"/>
  <testcase classname="tests.HomePageTest" name="ABitOfYourLifePage" time="14.855"/>
  <testcase classname="tests.HomePageTest" name="TellUsAboutYouPage" time="10.449"/>
  <testcase classname="tests.HomePageTest" name="checkBaseAndTotalPremiums" time="19.141"/>
</testsuite> <!-- tests.HomePageTest -->
