<?xml version="1.0" encoding="UTF-8"?>
<!-- Generated by org.testng.reporters.JUnitReportReporter -->
<testsuite hostname="DESKTOP-QLTG8HG" failures="0" tests="5" name="tests.HomePageTest" time="91.970" errors="0" timestamp="2026-03-10T13:28:33 IST" skipped="1">
  <testcase classname="tests.HomePageTest" name="ABitOfYourLifePage" time="18.767"/>
  <testcase classname="tests.HomePageTest" name="HomePageVerification" time="9.138"/>
  <testcase classname="tests.HomePageTest" name="TellUsAboutYouPage" time="17.591"/>
  <testcase classname="tests.HomePageTest" name="checkBaseAndTotalPremiums" time="23.119"/>
  <testcase classname="tests.HomePageTest" name="checkBaseAndTotalPremiums" time="23.355">
    <skipped/>
  </testcase> <!-- checkBaseAndTotalPremiums -->
</testsuite> <!-- tests.HomePageTest -->
